[21:00:59] [Server thread/INFO]: Loading properties
[21:00:59] [Server thread/INFO]: Default game type: SURVIVAL
[21:00:59] [Server thread/INFO]: This server is running CraftBukkit version git-Spigot-dcd1643-e60fc34 (MC: 1.12.2) (Implementing API version 1.12.2-R0.1-SNAPSHOT)
[21:00:59] [Server thread/INFO]: Debug logging is disabled
[21:00:59] [Server thread/INFO]: Using 4 threads for Netty based IO
[21:00:59] [Server thread/INFO]: Server Ping Player Sample Count: 12
[21:00:59] [Server thread/INFO]: Generating keypair
[21:00:59] [Server thread/INFO]: Starting Minecraft server on *:25565
[21:00:59] [Server thread/INFO]: Using default channel type
[21:01:00] [Server thread/INFO]: Set PluginClassLoader as parallel capable
[21:01:00] [Server thread/INFO]: [JoinMenu] Loading JoinMenu v1.0
[21:01:00] [Server thread/WARN]: **** SERVER IS RUNNING IN OFFLINE/INSECURE MODE!
[21:01:00] [Server thread/WARN]: The server will make no attempt to authenticate usernames. Beware.
[21:01:00] [Server thread/WARN]: While this makes the game possible to play without internet access, it also opens up the ability for hackers to connect with any username they choose.
[21:01:00] [Server thread/WARN]: To change this, set "online-mode" to "true" in the server.properties file.
[21:01:00] [Server thread/INFO]: **** Beginning UUID conversion, this may take A LONG time ****
[21:01:00] [Server thread/INFO]: Preparing level "world"
[21:01:00] [Server thread/INFO]: -------- World Settings For [world] --------
[21:01:00] [Server thread/INFO]: Item Despawn Rate: 6000
[21:01:00] [Server thread/INFO]: Item Merge Radius: 2.5
[21:01:00] [Server thread/INFO]: Arrow Despawn Rate: 1200
[21:01:00] [Server thread/INFO]: View Distance: 10
[21:01:00] [Server thread/INFO]: Experience Merge Radius: 3.0
[21:01:00] [Server thread/INFO]: Mob Spawn Range: 4
[21:01:00] [Server thread/INFO]: Entity Activation Range: An 32 / Mo 32 / Mi 16 / Tiv true
[21:01:00] [Server thread/INFO]: Entity Tracking Range: Pl 48 / An 48 / Mo 48 / Mi 32 / Other 64
[21:01:00] [Server thread/INFO]: Cactus Growth Modifier: 100%
[21:01:00] [Server thread/INFO]: Cane Growth Modifier: 100%
[21:01:00] [Server thread/INFO]: Melon Growth Modifier: 100%
[21:01:00] [Server thread/INFO]: Mushroom Growth Modifier: 100%
[21:01:00] [Server thread/INFO]: Pumpkin Growth Modifier: 100%
[21:01:00] [Server thread/INFO]: Sapling Growth Modifier: 100%
[21:01:00] [Server thread/INFO]: Wheat Growth Modifier: 100%
[21:01:00] [Server thread/INFO]: NetherWart Growth Modifier: 100%
[21:01:00] [Server thread/INFO]: Vine Growth Modifier: 100%
[21:01:00] [Server thread/INFO]: Cocoa Growth Modifier: 100%
[21:01:00] [Server thread/INFO]: Hopper Transfer: 8 Hopper Check: 1 Hopper Amount: 1
[21:01:00] [Server thread/INFO]: Tile Max Tick Time: 50ms Entity max Tick Time: 50ms
[21:01:00] [Server thread/INFO]: Random Lighting Updates: false
[21:01:00] [Server thread/INFO]: Structure Info Saving: true
[21:01:00] [Server thread/INFO]: Max TNT Explosions: 100
[21:01:00] [Server thread/INFO]: Custom Map Seeds:  Village: 10387312 Feature: 14357617 Monument: 10387313 Slime: 987234911
[21:01:00] [Server thread/INFO]: Allow Zombie Pigmen to spawn from portal blocks: true
[21:01:00] [Server thread/INFO]: Nerfing mobs spawned from spawners: false
[21:01:00] [Server thread/INFO]: Zombie Aggressive Towards Villager: true
[21:01:00] [Server thread/INFO]: -------- World Settings For [world_nether] --------
[21:01:00] [Server thread/INFO]: Item Despawn Rate: 6000
[21:01:00] [Server thread/INFO]: Item Merge Radius: 2.5
[21:01:00] [Server thread/INFO]: Arrow Despawn Rate: 1200
[21:01:00] [Server thread/INFO]: View Distance: 10
[21:01:00] [Server thread/INFO]: Experience Merge Radius: 3.0
[21:01:00] [Server thread/INFO]: Mob Spawn Range: 4
[21:01:00] [Server thread/INFO]: Entity Activation Range: An 32 / Mo 32 / Mi 16 / Tiv true
[21:01:00] [Server thread/INFO]: Entity Tracking Range: Pl 48 / An 48 / Mo 48 / Mi 32 / Other 64
[21:01:00] [Server thread/INFO]: Cactus Growth Modifier: 100%
[21:01:00] [Server thread/INFO]: Cane Growth Modifier: 100%
[21:01:00] [Server thread/INFO]: Melon Growth Modifier: 100%
[21:01:00] [Server thread/INFO]: Mushroom Growth Modifier: 100%
[21:01:00] [Server thread/INFO]: Pumpkin Growth Modifier: 100%
[21:01:00] [Server thread/INFO]: Sapling Growth Modifier: 100%
[21:01:00] [Server thread/INFO]: Wheat Growth Modifier: 100%
[21:01:00] [Server thread/INFO]: NetherWart Growth Modifier: 100%
[21:01:00] [Server thread/INFO]: Vine Growth Modifier: 100%
[21:01:00] [Server thread/INFO]: Cocoa Growth Modifier: 100%
[21:01:00] [Server thread/INFO]: Hopper Transfer: 8 Hopper Check: 1 Hopper Amount: 1
[21:01:00] [Server thread/INFO]: Tile Max Tick Time: 50ms Entity max Tick Time: 50ms
[21:01:00] [Server thread/INFO]: Random Lighting Updates: false
[21:01:00] [Server thread/INFO]: Structure Info Saving: true
[21:01:00] [Server thread/INFO]: Max TNT Explosions: 100
[21:01:00] [Server thread/INFO]: Custom Map Seeds:  Village: 10387312 Feature: 14357617 Monument: 10387313 Slime: 987234911
[21:01:00] [Server thread/INFO]: Allow Zombie Pigmen to spawn from portal blocks: true
[21:01:00] [Server thread/INFO]: Nerfing mobs spawned from spawners: false
[21:01:00] [Server thread/INFO]: Zombie Aggressive Towards Villager: true
[21:01:00] [Server thread/INFO]: -------- World Settings For [world_the_end] --------
[21:01:00] [Server thread/INFO]: Item Despawn Rate: 6000
[21:01:00] [Server thread/INFO]: Item Merge Radius: 2.5
[21:01:00] [Server thread/INFO]: Arrow Despawn Rate: 1200
[21:01:00] [Server thread/INFO]: View Distance: 10
[21:01:00] [Server thread/INFO]: Experience Merge Radius: 3.0
[21:01:00] [Server thread/INFO]: Mob Spawn Range: 4
[21:01:00] [Server thread/INFO]: Entity Activation Range: An 32 / Mo 32 / Mi 16 / Tiv true
[21:01:00] [Server thread/INFO]: Entity Tracking Range: Pl 48 / An 48 / Mo 48 / Mi 32 / Other 64
[21:01:00] [Server thread/INFO]: Cactus Growth Modifier: 100%
[21:01:00] [Server thread/INFO]: Cane Growth Modifier: 100%
[21:01:00] [Server thread/INFO]: Melon Growth Modifier: 100%
[21:01:00] [Server thread/INFO]: Mushroom Growth Modifier: 100%
[21:01:00] [Server thread/INFO]: Pumpkin Growth Modifier: 100%
[21:01:00] [Server thread/INFO]: Sapling Growth Modifier: 100%
[21:01:00] [Server thread/INFO]: Wheat Growth Modifier: 100%
[21:01:00] [Server thread/INFO]: NetherWart Growth Modifier: 100%
[21:01:00] [Server thread/INFO]: Vine Growth Modifier: 100%
[21:01:00] [Server thread/INFO]: Cocoa Growth Modifier: 100%
[21:01:00] [Server thread/INFO]: Hopper Transfer: 8 Hopper Check: 1 Hopper Amount: 1
[21:01:00] [Server thread/INFO]: Tile Max Tick Time: 50ms Entity max Tick Time: 50ms
[21:01:00] [Server thread/INFO]: Random Lighting Updates: false
[21:01:00] [Server thread/INFO]: Structure Info Saving: true
[21:01:00] [Server thread/INFO]: Max TNT Explosions: 100
[21:01:00] [Server thread/INFO]: Custom Map Seeds:  Village: 10387312 Feature: 14357617 Monument: 10387313 Slime: 987234911
[21:01:00] [Server thread/INFO]: Allow Zombie Pigmen to spawn from portal blocks: true
[21:01:00] [Server thread/INFO]: Nerfing mobs spawned from spawners: false
[21:01:00] [Server thread/INFO]: Zombie Aggressive Towards Villager: true
[21:01:00] [Server thread/INFO]: Preparing start region for level 0 (Seed: 3836489218465362923)
[21:01:01] [Server thread/INFO]: Preparing spawn area: 68%
[21:01:02] [Server thread/INFO]: Preparing start region for level 1 (Seed: 3836489218465362923)
[21:01:02] [Server thread/INFO]: Preparing start region for level 2 (Seed: 3836489218465362923)
[21:01:02] [Server thread/INFO]: [JoinMenu] Enabling JoinMenu v1.0
[21:01:02] [Server thread/INFO]: Server permissions file permissions.yml is empty, ignoring it
[21:01:02] [Server thread/INFO]: Done (2,695s)! For help, type "help" or "?"
[21:01:03] [User Authenticator #1/INFO]: UUID of player kolis1on is c6db47e2-ef6f-363a-aaa7-fdae3b98355a
[21:01:04] [Server thread/INFO]: kolis1on[/127.0.0.1:55042] logged in with entity id 284 at ([world]-447.38600130239524, 71.0, 289.44665048379176)
[21:01:06] [Server thread/INFO]: kolis1on issued server command: /menu
[21:01:06] [Server thread/ERROR]: null
org.bukkit.command.CommandException: Unhandled exception executing command 'menu' in plugin JoinMenu v1.0
	at org.bukkit.command.PluginCommand.execute(PluginCommand.java:46) ~[server.jar:git-Spigot-dcd1643-e60fc34]
	at org.bukkit.command.SimpleCommandMap.dispatch(SimpleCommandMap.java:141) ~[server.jar:git-Spigot-dcd1643-e60fc34]
	at org.bukkit.craftbukkit.v1_12_R1.CraftServer.dispatchCommand(CraftServer.java:648) ~[server.jar:git-Spigot-dcd1643-e60fc34]
	at net.minecraft.server.v1_12_R1.PlayerConnection.handleCommand(PlayerConnection.java:1399) [server.jar:git-Spigot-dcd1643-e60fc34]
	at net.minecraft.server.v1_12_R1.PlayerConnection.a(PlayerConnection.java:1234) [server.jar:git-Spigot-dcd1643-e60fc34]
	at net.minecraft.server.v1_12_R1.PacketPlayInChat.a(PacketPlayInChat.java:45) [server.jar:git-Spigot-dcd1643-e60fc34]
	at net.minecraft.server.v1_12_R1.PacketPlayInChat.a(PacketPlayInChat.java:1) [server.jar:git-Spigot-dcd1643-e60fc34]
	at net.minecraft.server.v1_12_R1.PlayerConnectionUtils$1.run(SourceFile:13) [server.jar:git-Spigot-dcd1643-e60fc34]
	at java.util.concurrent.Executors$RunnableAdapter.call(Unknown Source) [?:1.8.0_301]
	at java.util.concurrent.FutureTask.run(Unknown Source) [?:1.8.0_301]
	at net.minecraft.server.v1_12_R1.SystemUtils.a(SourceFile:46) [server.jar:git-Spigot-dcd1643-e60fc34]
	at net.minecraft.server.v1_12_R1.MinecraftServer.D(MinecraftServer.java:748) [server.jar:git-Spigot-dcd1643-e60fc34]
	at net.minecraft.server.v1_12_R1.DedicatedServer.D(DedicatedServer.java:406) [server.jar:git-Spigot-dcd1643-e60fc34]
	at net.minecraft.server.v1_12_R1.MinecraftServer.C(MinecraftServer.java:679) [server.jar:git-Spigot-dcd1643-e60fc34]
	at net.minecraft.server.v1_12_R1.MinecraftServer.run(MinecraftServer.java:577) [server.jar:git-Spigot-dcd1643-e60fc34]
	at java.lang.Thread.run(Unknown Source) [?:1.8.0_301]
Caused by: java.lang.NoSuchMethodError: org.bukkit.inventory.meta.ItemMeta.addAttributeModifier(Lorg/bukkit/attribute/Attribute;Lorg/bukkit/attribute/AttributeModifier;)Z
	at join.main.MenuCommand.onCommand(MenuCommand.java:34) ~[?:?]
	at org.bukkit.command.PluginCommand.execute(PluginCommand.java:44) ~[server.jar:git-Spigot-dcd1643-e60fc34]
	... 15 more
[21:01:59] [Server thread/INFO]: CONSOLE: [0;31;1mPlease note that this command is not supported and may cause issues when using some plugins.[m
[21:01:59] [Server thread/INFO]: CONSOLE: [0;31;1mIf you encounter any issues please use the /stop command to restart your server.[m
[21:01:59] [Server thread/INFO]: Debug logging is disabled
[21:01:59] [Server thread/INFO]: Using 4 threads for Netty based IO
[21:01:59] [Server thread/INFO]: Server Ping Player Sample Count: 12
[21:01:59] [Server thread/INFO]: -------- World Settings For [world] --------
[21:01:59] [Server thread/INFO]: Item Despawn Rate: 6000
[21:01:59] [Server thread/INFO]: Item Merge Radius: 2.5
[21:01:59] [Server thread/INFO]: Arrow Despawn Rate: 1200
[21:01:59] [Server thread/INFO]: View Distance: 10
[21:01:59] [Server thread/INFO]: Experience Merge Radius: 3.0
[21:01:59] [Server thread/INFO]: Mob Spawn Range: 4
[21:01:59] [Server thread/INFO]: Entity Activation Range: An 32 / Mo 32 / Mi 16 / Tiv true
[21:01:59] [Server thread/INFO]: Entity Tracking Range: Pl 48 / An 48 / Mo 48 / Mi 32 / Other 64
[21:01:59] [Server thread/INFO]: Cactus Growth Modifier: 100%
[21:01:59] [Server thread/INFO]: Cane Growth Modifier: 100%
[21:01:59] [Server thread/INFO]: Melon Growth Modifier: 100%
[21:01:59] [Server thread/INFO]: Mushroom Growth Modifier: 100%
[21:01:59] [Server thread/INFO]: Pumpkin Growth Modifier: 100%
[21:01:59] [Server thread/INFO]: Sapling Growth Modifier: 100%
[21:01:59] [Server thread/INFO]: Wheat Growth Modifier: 100%
[21:01:59] [Server thread/INFO]: NetherWart Growth Modifier: 100%
[21:01:59] [Server thread/INFO]: Vine Growth Modifier: 100%
[21:01:59] [Server thread/INFO]: Cocoa Growth Modifier: 100%
[21:01:59] [Server thread/INFO]: Hopper Transfer: 8 Hopper Check: 1 Hopper Amount: 1
[21:01:59] [Server thread/INFO]: Tile Max Tick Time: 50ms Entity max Tick Time: 50ms
[21:01:59] [Server thread/INFO]: Random Lighting Updates: false
[21:01:59] [Server thread/INFO]: Structure Info Saving: true
[21:01:59] [Server thread/INFO]: Max TNT Explosions: 100
[21:01:59] [Server thread/INFO]: Custom Map Seeds:  Village: 10387312 Feature: 14357617 Monument: 10387313 Slime: 987234911
[21:01:59] [Server thread/INFO]: Allow Zombie Pigmen to spawn from portal blocks: true
[21:01:59] [Server thread/INFO]: Nerfing mobs spawned from spawners: false
[21:01:59] [Server thread/INFO]: Zombie Aggressive Towards Villager: true
[21:01:59] [Server thread/INFO]: -------- World Settings For [world_nether] --------
[21:01:59] [Server thread/INFO]: Item Despawn Rate: 6000
[21:01:59] [Server thread/INFO]: Item Merge Radius: 2.5
[21:01:59] [Server thread/INFO]: Arrow Despawn Rate: 1200
[21:01:59] [Server thread/INFO]: View Distance: 10
[21:01:59] [Server thread/INFO]: Experience Merge Radius: 3.0
[21:01:59] [Server thread/INFO]: Mob Spawn Range: 4
[21:01:59] [Server thread/INFO]: Entity Activation Range: An 32 / Mo 32 / Mi 16 / Tiv true
[21:01:59] [Server thread/INFO]: Entity Tracking Range: Pl 48 / An 48 / Mo 48 / Mi 32 / Other 64
[21:01:59] [Server thread/INFO]: Cactus Growth Modifier: 100%
[21:01:59] [Server thread/INFO]: Cane Growth Modifier: 100%
[21:01:59] [Server thread/INFO]: Melon Growth Modifier: 100%
[21:01:59] [Server thread/INFO]: Mushroom Growth Modifier: 100%
[21:01:59] [Server thread/INFO]: Pumpkin Growth Modifier: 100%
[21:01:59] [Server thread/INFO]: Sapling Growth Modifier: 100%
[21:01:59] [Server thread/INFO]: Wheat Growth Modifier: 100%
[21:01:59] [Server thread/INFO]: NetherWart Growth Modifier: 100%
[21:01:59] [Server thread/INFO]: Vine Growth Modifier: 100%
[21:01:59] [Server thread/INFO]: Cocoa Growth Modifier: 100%
[21:01:59] [Server thread/INFO]: Hopper Transfer: 8 Hopper Check: 1 Hopper Amount: 1
[21:01:59] [Server thread/INFO]: Tile Max Tick Time: 50ms Entity max Tick Time: 50ms
[21:01:59] [Server thread/INFO]: Random Lighting Updates: false
[21:01:59] [Server thread/INFO]: Structure Info Saving: true
[21:01:59] [Server thread/INFO]: Max TNT Explosions: 100
[21:01:59] [Server thread/INFO]: Custom Map Seeds:  Village: 10387312 Feature: 14357617 Monument: 10387313 Slime: 987234911
[21:01:59] [Server thread/INFO]: Allow Zombie Pigmen to spawn from portal blocks: true
[21:01:59] [Server thread/INFO]: Nerfing mobs spawned from spawners: false
[21:01:59] [Server thread/INFO]: Zombie Aggressive Towards Villager: true
[21:01:59] [Server thread/INFO]: -------- World Settings For [world_the_end] --------
[21:01:59] [Server thread/INFO]: Item Despawn Rate: 6000
[21:01:59] [Server thread/INFO]: Item Merge Radius: 2.5
[21:01:59] [Server thread/INFO]: Arrow Despawn Rate: 1200
[21:01:59] [Server thread/INFO]: View Distance: 10
[21:01:59] [Server thread/INFO]: Experience Merge Radius: 3.0
[21:01:59] [Server thread/INFO]: Mob Spawn Range: 4
[21:01:59] [Server thread/INFO]: Entity Activation Range: An 32 / Mo 32 / Mi 16 / Tiv true
[21:01:59] [Server thread/INFO]: Entity Tracking Range: Pl 48 / An 48 / Mo 48 / Mi 32 / Other 64
[21:01:59] [Server thread/INFO]: Cactus Growth Modifier: 100%
[21:01:59] [Server thread/INFO]: Cane Growth Modifier: 100%
[21:01:59] [Server thread/INFO]: Melon Growth Modifier: 100%
[21:01:59] [Server thread/INFO]: Mushroom Growth Modifier: 100%
[21:01:59] [Server thread/INFO]: Pumpkin Growth Modifier: 100%
[21:01:59] [Server thread/INFO]: Sapling Growth Modifier: 100%
[21:01:59] [Server thread/INFO]: Wheat Growth Modifier: 100%
[21:01:59] [Server thread/INFO]: NetherWart Growth Modifier: 100%
[21:01:59] [Server thread/INFO]: Vine Growth Modifier: 100%
[21:01:59] [Server thread/INFO]: Cocoa Growth Modifier: 100%
[21:01:59] [Server thread/INFO]: Hopper Transfer: 8 Hopper Check: 1 Hopper Amount: 1
[21:01:59] [Server thread/INFO]: Tile Max Tick Time: 50ms Entity max Tick Time: 50ms
[21:01:59] [Server thread/INFO]: Random Lighting Updates: false
[21:01:59] [Server thread/INFO]: Structure Info Saving: true
[21:01:59] [Server thread/INFO]: Max TNT Explosions: 100
[21:01:59] [Server thread/INFO]: Custom Map Seeds:  Village: 10387312 Feature: 14357617 Monument: 10387313 Slime: 987234911
[21:01:59] [Server thread/INFO]: Allow Zombie Pigmen to spawn from portal blocks: true
[21:01:59] [Server thread/INFO]: Nerfing mobs spawned from spawners: false
[21:01:59] [Server thread/INFO]: Zombie Aggressive Towards Villager: true
[21:01:59] [Server thread/INFO]: [JoinMenu] Disabling JoinMenu v1.0
[21:01:59] [Server thread/INFO]: [JoinMenu] Loading JoinMenu v1.0
[21:01:59] [Server thread/INFO]: [JoinMenu] Enabling JoinMenu v1.0
[21:01:59] [Server thread/INFO]: Server permissions file permissions.yml is empty, ignoring it
[21:01:59] [Server thread/INFO]: CONSOLE: [0;32;1mReload complete.[m
[21:02:06] [Server thread/INFO]: kolis1on issued server command: /menu
[21:02:06] [Server thread/ERROR]: null
org.bukkit.command.CommandException: Unhandled exception executing command 'menu' in plugin JoinMenu v1.0
	at org.bukkit.command.PluginCommand.execute(PluginCommand.java:46) ~[server.jar:git-Spigot-dcd1643-e60fc34]
	at org.bukkit.command.SimpleCommandMap.dispatch(SimpleCommandMap.java:141) ~[server.jar:git-Spigot-dcd1643-e60fc34]
	at org.bukkit.craftbukkit.v1_12_R1.CraftServer.dispatchCommand(CraftServer.java:648) ~[server.jar:git-Spigot-dcd1643-e60fc34]
	at net.minecraft.server.v1_12_R1.PlayerConnection.handleCommand(PlayerConnection.java:1399) [server.jar:git-Spigot-dcd1643-e60fc34]
	at net.minecraft.server.v1_12_R1.PlayerConnection.a(PlayerConnection.java:1234) [server.jar:git-Spigot-dcd1643-e60fc34]
	at net.minecraft.server.v1_12_R1.PacketPlayInChat.a(PacketPlayInChat.java:45) [server.jar:git-Spigot-dcd1643-e60fc34]
	at net.minecraft.server.v1_12_R1.PacketPlayInChat.a(PacketPlayInChat.java:1) [server.jar:git-Spigot-dcd1643-e60fc34]
	at net.minecraft.server.v1_12_R1.PlayerConnectionUtils$1.run(SourceFile:13) [server.jar:git-Spigot-dcd1643-e60fc34]
	at java.util.concurrent.Executors$RunnableAdapter.call(Unknown Source) [?:1.8.0_301]
	at java.util.concurrent.FutureTask.run(Unknown Source) [?:1.8.0_301]
	at net.minecraft.server.v1_12_R1.SystemUtils.a(SourceFile:46) [server.jar:git-Spigot-dcd1643-e60fc34]
	at net.minecraft.server.v1_12_R1.MinecraftServer.D(MinecraftServer.java:748) [server.jar:git-Spigot-dcd1643-e60fc34]
	at net.minecraft.server.v1_12_R1.DedicatedServer.D(DedicatedServer.java:406) [server.jar:git-Spigot-dcd1643-e60fc34]
	at net.minecraft.server.v1_12_R1.MinecraftServer.C(MinecraftServer.java:679) [server.jar:git-Spigot-dcd1643-e60fc34]
	at net.minecraft.server.v1_12_R1.MinecraftServer.run(MinecraftServer.java:577) [server.jar:git-Spigot-dcd1643-e60fc34]
	at java.lang.Thread.run(Unknown Source) [?:1.8.0_301]
Caused by: java.lang.NoSuchMethodError: org.bukkit.inventory.meta.ItemMeta.addAttributeModifier(Lorg/bukkit/attribute/Attribute;Lorg/bukkit/attribute/AttributeModifier;)Z
	at join.main.MenuCommand.onCommand(MenuCommand.java:34) ~[?:?]
	at org.bukkit.command.PluginCommand.execute(PluginCommand.java:44) ~[server.jar:git-Spigot-dcd1643-e60fc34]
	... 15 more
[21:03:39] [Server thread/INFO]: CONSOLE: [0;31;1mPlease note that this command is not supported and may cause issues when using some plugins.[m
[21:03:39] [Server thread/INFO]: CONSOLE: [0;31;1mIf you encounter any issues please use the /stop command to restart your server.[m
[21:03:39] [Server thread/INFO]: Debug logging is disabled
[21:03:39] [Server thread/INFO]: Using 4 threads for Netty based IO
[21:03:39] [Server thread/INFO]: Server Ping Player Sample Count: 12
[21:03:39] [Server thread/INFO]: -------- World Settings For [world] --------
[21:03:39] [Server thread/INFO]: Item Despawn Rate: 6000
[21:03:39] [Server thread/INFO]: Item Merge Radius: 2.5
[21:03:39] [Server thread/INFO]: Arrow Despawn Rate: 1200
[21:03:39] [Server thread/INFO]: View Distance: 10
[21:03:39] [Server thread/INFO]: Experience Merge Radius: 3.0
[21:03:39] [Server thread/INFO]: Mob Spawn Range: 4
[21:03:39] [Server thread/INFO]: Entity Activation Range: An 32 / Mo 32 / Mi 16 / Tiv true
[21:03:39] [Server thread/INFO]: Entity Tracking Range: Pl 48 / An 48 / Mo 48 / Mi 32 / Other 64
[21:03:39] [Server thread/INFO]: Cactus Growth Modifier: 100%
[21:03:39] [Server thread/INFO]: Cane Growth Modifier: 100%
[21:03:39] [Server thread/INFO]: Melon Growth Modifier: 100%
[21:03:39] [Server thread/INFO]: Mushroom Growth Modifier: 100%
[21:03:39] [Server thread/INFO]: Pumpkin Growth Modifier: 100%
[21:03:39] [Server thread/INFO]: Sapling Growth Modifier: 100%
[21:03:39] [Server thread/INFO]: Wheat Growth Modifier: 100%
[21:03:39] [Server thread/INFO]: NetherWart Growth Modifier: 100%
[21:03:39] [Server thread/INFO]: Vine Growth Modifier: 100%
[21:03:39] [Server thread/INFO]: Cocoa Growth Modifier: 100%
[21:03:39] [Server thread/INFO]: Hopper Transfer: 8 Hopper Check: 1 Hopper Amount: 1
[21:03:39] [Server thread/INFO]: Tile Max Tick Time: 50ms Entity max Tick Time: 50ms
[21:03:39] [Server thread/INFO]: Random Lighting Updates: false
[21:03:39] [Server thread/INFO]: Structure Info Saving: true
[21:03:39] [Server thread/INFO]: Max TNT Explosions: 100
[21:03:39] [Server thread/INFO]: Custom Map Seeds:  Village: 10387312 Feature: 14357617 Monument: 10387313 Slime: 987234911
[21:03:39] [Server thread/INFO]: Allow Zombie Pigmen to spawn from portal blocks: true
[21:03:39] [Server thread/INFO]: Nerfing mobs spawned from spawners: false
[21:03:39] [Server thread/INFO]: Zombie Aggressive Towards Villager: true
[21:03:39] [Server thread/INFO]: -------- World Settings For [world_nether] --------
[21:03:39] [Server thread/INFO]: Item Despawn Rate: 6000
[21:03:39] [Server thread/INFO]: Item Merge Radius: 2.5
[21:03:39] [Server thread/INFO]: Arrow Despawn Rate: 1200
[21:03:39] [Server thread/INFO]: View Distance: 10
[21:03:39] [Server thread/INFO]: Experience Merge Radius: 3.0
[21:03:39] [Server thread/INFO]: Mob Spawn Range: 4
[21:03:39] [Server thread/INFO]: Entity Activation Range: An 32 / Mo 32 / Mi 16 / Tiv true
[21:03:39] [Server thread/INFO]: Entity Tracking Range: Pl 48 / An 48 / Mo 48 / Mi 32 / Other 64
[21:03:39] [Server thread/INFO]: Cactus Growth Modifier: 100%
[21:03:39] [Server thread/INFO]: Cane Growth Modifier: 100%
[21:03:39] [Server thread/INFO]: Melon Growth Modifier: 100%
[21:03:39] [Server thread/INFO]: Mushroom Growth Modifier: 100%
[21:03:39] [Server thread/INFO]: Pumpkin Growth Modifier: 100%
[21:03:39] [Server thread/INFO]: Sapling Growth Modifier: 100%
[21:03:39] [Server thread/INFO]: Wheat Growth Modifier: 100%
[21:03:39] [Server thread/INFO]: NetherWart Growth Modifier: 100%
[21:03:39] [Server thread/INFO]: Vine Growth Modifier: 100%
[21:03:39] [Server thread/INFO]: Cocoa Growth Modifier: 100%
[21:03:39] [Server thread/INFO]: Hopper Transfer: 8 Hopper Check: 1 Hopper Amount: 1
[21:03:39] [Server thread/INFO]: Tile Max Tick Time: 50ms Entity max Tick Time: 50ms
[21:03:39] [Server thread/INFO]: Random Lighting Updates: false
[21:03:39] [Server thread/INFO]: Structure Info Saving: true
[21:03:39] [Server thread/INFO]: Max TNT Explosions: 100
[21:03:39] [Server thread/INFO]: Custom Map Seeds:  Village: 10387312 Feature: 14357617 Monument: 10387313 Slime: 987234911
[21:03:39] [Server thread/INFO]: Allow Zombie Pigmen to spawn from portal blocks: true
[21:03:39] [Server thread/INFO]: Nerfing mobs spawned from spawners: false
[21:03:39] [Server thread/INFO]: Zombie Aggressive Towards Villager: true
[21:03:39] [Server thread/INFO]: -------- World Settings For [world_the_end] --------
[21:03:39] [Server thread/INFO]: Item Despawn Rate: 6000
[21:03:39] [Server thread/INFO]: Item Merge Radius: 2.5
[21:03:39] [Server thread/INFO]: Arrow Despawn Rate: 1200
[21:03:39] [Server thread/INFO]: View Distance: 10
[21:03:39] [Server thread/INFO]: Experience Merge Radius: 3.0
[21:03:39] [Server thread/INFO]: Mob Spawn Range: 4
[21:03:39] [Server thread/INFO]: Entity Activation Range: An 32 / Mo 32 / Mi 16 / Tiv true
[21:03:39] [Server thread/INFO]: Entity Tracking Range: Pl 48 / An 48 / Mo 48 / Mi 32 / Other 64
[21:03:39] [Server thread/INFO]: Cactus Growth Modifier: 100%
[21:03:39] [Server thread/INFO]: Cane Growth Modifier: 100%
[21:03:39] [Server thread/INFO]: Melon Growth Modifier: 100%
[21:03:39] [Server thread/INFO]: Mushroom Growth Modifier: 100%
[21:03:39] [Server thread/INFO]: Pumpkin Growth Modifier: 100%
[21:03:39] [Server thread/INFO]: Sapling Growth Modifier: 100%
[21:03:39] [Server thread/INFO]: Wheat Growth Modifier: 100%
[21:03:39] [Server thread/INFO]: NetherWart Growth Modifier: 100%
[21:03:39] [Server thread/INFO]: Vine Growth Modifier: 100%
[21:03:39] [Server thread/INFO]: Cocoa Growth Modifier: 100%
[21:03:39] [Server thread/INFO]: Hopper Transfer: 8 Hopper Check: 1 Hopper Amount: 1
[21:03:39] [Server thread/INFO]: Tile Max Tick Time: 50ms Entity max Tick Time: 50ms
[21:03:39] [Server thread/INFO]: Random Lighting Updates: false
[21:03:39] [Server thread/INFO]: Structure Info Saving: true
[21:03:39] [Server thread/INFO]: Max TNT Explosions: 100
[21:03:39] [Server thread/INFO]: Custom Map Seeds:  Village: 10387312 Feature: 14357617 Monument: 10387313 Slime: 987234911
[21:03:39] [Server thread/INFO]: Allow Zombie Pigmen to spawn from portal blocks: true
[21:03:39] [Server thread/INFO]: Nerfing mobs spawned from spawners: false
[21:03:39] [Server thread/INFO]: Zombie Aggressive Towards Villager: true
[21:03:39] [Server thread/INFO]: [JoinMenu] Disabling JoinMenu v1.0
[21:03:39] [Server thread/INFO]: [FishGrab] Loading FishGrab v1.0
[21:03:39] [Server thread/INFO]: [FishGrab] Enabling FishGrab v1.0
[21:03:39] [Server thread/INFO]: Server permissions file permissions.yml is empty, ignoring it
[21:03:39] [Server thread/INFO]: CONSOLE: [0;32;1mReload complete.[m
[21:03:41] [Server thread/INFO]: kolis1on issued server command: /menu
[21:03:44] [Server thread/INFO]: kolis1on issued server command: /menu
[21:03:47] [Server thread/INFO]: kolis1on issued server command: /menu
[21:03:49] [Server thread/INFO]: Plugins (1): [0;32;1mFishGrab[m
[21:04:09] [Server thread/INFO]: kolis1on issued server command: /menu
[21:04:12] [Server thread/INFO]: kolis1on lost connection: Disconnected
[21:04:12] [Server thread/INFO]: kolis1on left the game
[21:04:14] [User Authenticator #2/INFO]: UUID of player kolis1on is c6db47e2-ef6f-363a-aaa7-fdae3b98355a
[21:04:14] [Server thread/INFO]: kolis1on[/127.0.0.1:61304] logged in with entity id 439 at ([world]-438.48852838645877, 73.0, 276.96852259671743)
[21:04:17] [Server thread/INFO]: kolis1on issued server command: /menu
[21:04:32] [Server thread/INFO]: CONSOLE: [0;31;1mPlease note that this command is not supported and may cause issues when using some plugins.[m
[21:04:32] [Server thread/INFO]: CONSOLE: [0;31;1mIf you encounter any issues please use the /stop command to restart your server.[m
[21:04:32] [Server thread/INFO]: Debug logging is disabled
[21:04:32] [Server thread/INFO]: Using 4 threads for Netty based IO
[21:04:32] [Server thread/INFO]: Server Ping Player Sample Count: 12
[21:04:32] [Server thread/INFO]: -------- World Settings For [world] --------
[21:04:32] [Server thread/INFO]: Item Despawn Rate: 6000
[21:04:32] [Server thread/INFO]: Item Merge Radius: 2.5
[21:04:32] [Server thread/INFO]: Arrow Despawn Rate: 1200
[21:04:32] [Server thread/INFO]: View Distance: 10
[21:04:32] [Server thread/INFO]: Experience Merge Radius: 3.0
[21:04:32] [Server thread/INFO]: Mob Spawn Range: 4
[21:04:32] [Server thread/INFO]: Entity Activation Range: An 32 / Mo 32 / Mi 16 / Tiv true
[21:04:32] [Server thread/INFO]: Entity Tracking Range: Pl 48 / An 48 / Mo 48 / Mi 32 / Other 64
[21:04:32] [Server thread/INFO]: Cactus Growth Modifier: 100%
[21:04:32] [Server thread/INFO]: Cane Growth Modifier: 100%
[21:04:32] [Server thread/INFO]: Melon Growth Modifier: 100%
[21:04:32] [Server thread/INFO]: Mushroom Growth Modifier: 100%
[21:04:32] [Server thread/INFO]: Pumpkin Growth Modifier: 100%
[21:04:32] [Server thread/INFO]: Sapling Growth Modifier: 100%
[21:04:32] [Server thread/INFO]: Wheat Growth Modifier: 100%
[21:04:32] [Server thread/INFO]: NetherWart Growth Modifier: 100%
[21:04:32] [Server thread/INFO]: Vine Growth Modifier: 100%
[21:04:32] [Server thread/INFO]: Cocoa Growth Modifier: 100%
[21:04:32] [Server thread/INFO]: Hopper Transfer: 8 Hopper Check: 1 Hopper Amount: 1
[21:04:32] [Server thread/INFO]: Tile Max Tick Time: 50ms Entity max Tick Time: 50ms
[21:04:32] [Server thread/INFO]: Random Lighting Updates: false
[21:04:32] [Server thread/INFO]: Structure Info Saving: true
[21:04:32] [Server thread/INFO]: Max TNT Explosions: 100
[21:04:32] [Server thread/INFO]: Custom Map Seeds:  Village: 10387312 Feature: 14357617 Monument: 10387313 Slime: 987234911
[21:04:32] [Server thread/INFO]: Allow Zombie Pigmen to spawn from portal blocks: true
[21:04:32] [Server thread/INFO]: Nerfing mobs spawned from spawners: false
[21:04:32] [Server thread/INFO]: Zombie Aggressive Towards Villager: true
[21:04:32] [Server thread/INFO]: -------- World Settings For [world_nether] --------
[21:04:32] [Server thread/INFO]: Item Despawn Rate: 6000
[21:04:32] [Server thread/INFO]: Item Merge Radius: 2.5
[21:04:32] [Server thread/INFO]: Arrow Despawn Rate: 1200
[21:04:32] [Server thread/INFO]: View Distance: 10
[21:04:32] [Server thread/INFO]: Experience Merge Radius: 3.0
[21:04:32] [Server thread/INFO]: Mob Spawn Range: 4
[21:04:32] [Server thread/INFO]: Entity Activation Range: An 32 / Mo 32 / Mi 16 / Tiv true
[21:04:32] [Server thread/INFO]: Entity Tracking Range: Pl 48 / An 48 / Mo 48 / Mi 32 / Other 64
[21:04:32] [Server thread/INFO]: Cactus Growth Modifier: 100%
[21:04:32] [Server thread/INFO]: Cane Growth Modifier: 100%
[21:04:32] [Server thread/INFO]: Melon Growth Modifier: 100%
[21:04:32] [Server thread/INFO]: Mushroom Growth Modifier: 100%
[21:04:32] [Server thread/INFO]: Pumpkin Growth Modifier: 100%
[21:04:32] [Server thread/INFO]: Sapling Growth Modifier: 100%
[21:04:32] [Server thread/INFO]: Wheat Growth Modifier: 100%
[21:04:32] [Server thread/INFO]: NetherWart Growth Modifier: 100%
[21:04:32] [Server thread/INFO]: Vine Growth Modifier: 100%
[21:04:32] [Server thread/INFO]: Cocoa Growth Modifier: 100%
[21:04:32] [Server thread/INFO]: Hopper Transfer: 8 Hopper Check: 1 Hopper Amount: 1
[21:04:32] [Server thread/INFO]: Tile Max Tick Time: 50ms Entity max Tick Time: 50ms
[21:04:32] [Server thread/INFO]: Random Lighting Updates: false
[21:04:32] [Server thread/INFO]: Structure Info Saving: true
[21:04:32] [Server thread/INFO]: Max TNT Explosions: 100
[21:04:32] [Server thread/INFO]: Custom Map Seeds:  Village: 10387312 Feature: 14357617 Monument: 10387313 Slime: 987234911
[21:04:32] [Server thread/INFO]: Allow Zombie Pigmen to spawn from portal blocks: true
[21:04:32] [Server thread/INFO]: Nerfing mobs spawned from spawners: false
[21:04:32] [Server thread/INFO]: Zombie Aggressive Towards Villager: true
[21:04:32] [Server thread/INFO]: -------- World Settings For [world_the_end] --------
[21:04:32] [Server thread/INFO]: Item Despawn Rate: 6000
[21:04:32] [Server thread/INFO]: Item Merge Radius: 2.5
[21:04:32] [Server thread/INFO]: Arrow Despawn Rate: 1200
[21:04:32] [Server thread/INFO]: View Distance: 10
[21:04:32] [Server thread/INFO]: Experience Merge Radius: 3.0
[21:04:32] [Server thread/INFO]: Mob Spawn Range: 4
[21:04:32] [Server thread/INFO]: Entity Activation Range: An 32 / Mo 32 / Mi 16 / Tiv true
[21:04:32] [Server thread/INFO]: Entity Tracking Range: Pl 48 / An 48 / Mo 48 / Mi 32 / Other 64
[21:04:32] [Server thread/INFO]: Cactus Growth Modifier: 100%
[21:04:32] [Server thread/INFO]: Cane Growth Modifier: 100%
[21:04:32] [Server thread/INFO]: Melon Growth Modifier: 100%
[21:04:32] [Server thread/INFO]: Mushroom Growth Modifier: 100%
[21:04:32] [Server thread/INFO]: Pumpkin Growth Modifier: 100%
[21:04:32] [Server thread/INFO]: Sapling Growth Modifier: 100%
[21:04:32] [Server thread/INFO]: Wheat Growth Modifier: 100%
[21:04:32] [Server thread/INFO]: NetherWart Growth Modifier: 100%
[21:04:32] [Server thread/INFO]: Vine Growth Modifier: 100%
[21:04:32] [Server thread/INFO]: Cocoa Growth Modifier: 100%
[21:04:32] [Server thread/INFO]: Hopper Transfer: 8 Hopper Check: 1 Hopper Amount: 1
[21:04:32] [Server thread/INFO]: Tile Max Tick Time: 50ms Entity max Tick Time: 50ms
[21:04:32] [Server thread/INFO]: Random Lighting Updates: false
[21:04:32] [Server thread/INFO]: Structure Info Saving: true
[21:04:32] [Server thread/INFO]: Max TNT Explosions: 100
[21:04:32] [Server thread/INFO]: Custom Map Seeds:  Village: 10387312 Feature: 14357617 Monument: 10387313 Slime: 987234911
[21:04:32] [Server thread/INFO]: Allow Zombie Pigmen to spawn from portal blocks: true
[21:04:32] [Server thread/INFO]: Nerfing mobs spawned from spawners: false
[21:04:32] [Server thread/INFO]: Zombie Aggressive Towards Villager: true
[21:04:32] [Server thread/INFO]: [FishGrab] Disabling FishGrab v1.0
[21:04:33] [Server thread/INFO]: [JoinMenu] Loading JoinMenu v1.0
[21:04:33] [Server thread/INFO]: [JoinMenu] Enabling JoinMenu v1.0
[21:04:33] [Server thread/INFO]: Server permissions file permissions.yml is empty, ignoring it
[21:04:33] [Server thread/INFO]: CONSOLE: [0;32;1mReload complete.[m
[21:04:35] [Server thread/INFO]: kolis1on issued server command: /menu
[21:04:35] [Server thread/ERROR]: null
org.bukkit.command.CommandException: Unhandled exception executing command 'menu' in plugin JoinMenu v1.0
	at org.bukkit.command.PluginCommand.execute(PluginCommand.java:46) ~[server.jar:git-Spigot-dcd1643-e60fc34]
	at org.bukkit.command.SimpleCommandMap.dispatch(SimpleCommandMap.java:141) ~[server.jar:git-Spigot-dcd1643-e60fc34]
	at org.bukkit.craftbukkit.v1_12_R1.CraftServer.dispatchCommand(CraftServer.java:648) ~[server.jar:git-Spigot-dcd1643-e60fc34]
	at net.minecraft.server.v1_12_R1.PlayerConnection.handleCommand(PlayerConnection.java:1399) [server.jar:git-Spigot-dcd1643-e60fc34]
	at net.minecraft.server.v1_12_R1.PlayerConnection.a(PlayerConnection.java:1234) [server.jar:git-Spigot-dcd1643-e60fc34]
	at net.minecraft.server.v1_12_R1.PacketPlayInChat.a(PacketPlayInChat.java:45) [server.jar:git-Spigot-dcd1643-e60fc34]
	at net.minecraft.server.v1_12_R1.PacketPlayInChat.a(PacketPlayInChat.java:1) [server.jar:git-Spigot-dcd1643-e60fc34]
	at net.minecraft.server.v1_12_R1.PlayerConnectionUtils$1.run(SourceFile:13) [server.jar:git-Spigot-dcd1643-e60fc34]
	at java.util.concurrent.Executors$RunnableAdapter.call(Unknown Source) [?:1.8.0_301]
	at java.util.concurrent.FutureTask.run(Unknown Source) [?:1.8.0_301]
	at net.minecraft.server.v1_12_R1.SystemUtils.a(SourceFile:46) [server.jar:git-Spigot-dcd1643-e60fc34]
	at net.minecraft.server.v1_12_R1.MinecraftServer.D(MinecraftServer.java:748) [server.jar:git-Spigot-dcd1643-e60fc34]
	at net.minecraft.server.v1_12_R1.DedicatedServer.D(DedicatedServer.java:406) [server.jar:git-Spigot-dcd1643-e60fc34]
	at net.minecraft.server.v1_12_R1.MinecraftServer.C(MinecraftServer.java:679) [server.jar:git-Spigot-dcd1643-e60fc34]
	at net.minecraft.server.v1_12_R1.MinecraftServer.run(MinecraftServer.java:577) [server.jar:git-Spigot-dcd1643-e60fc34]
	at java.lang.Thread.run(Unknown Source) [?:1.8.0_301]
Caused by: java.lang.NoSuchMethodError: org.bukkit.inventory.meta.ItemMeta.addAttributeModifier(Lorg/bukkit/attribute/Attribute;Lorg/bukkit/attribute/AttributeModifier;)Z
	at join.main.MenuCommand.onCommand(MenuCommand.java:34) ~[?:?]
	at org.bukkit.command.PluginCommand.execute(PluginCommand.java:44) ~[server.jar:git-Spigot-dcd1643-e60fc34]
	... 15 more
[21:10:17] [Server thread/INFO]: kolis1on lost connection: Disconnected
[21:10:17] [Server thread/INFO]: kolis1on left the game
